Unity Editor version:    2021.3.8f1 (b30333d56e81)
Branch:                  2021.3/staging
Build type:              Release
Batch mode:              YES
macOS version:           Version 12.6 (Build 21G115)
Darwin version:          21.6.0
Architecture:            x86_64
Running under Rosetta:   YES
Available memory:        16384 MB
Using pre-set license
Pro License: YES

COMMAND LINE ARGUMENTS:
/Applications/Unity/Hub/Editor/2021.3.8f1/Unity.app/Contents/MacOS/Unity
-adb2
-batchMode
-noUpm
-name
AssetImportWorker0
-projectPath
/Users/jakegrogan/Documents/GitHub/Ultimate-Guide-to-Game-Development-with-Unity/Space Shooter
-logFile
Logs/AssetImportWorker0.log
-srvPort
49886
Successfully changed project path to: /Users/jakegrogan/Documents/GitHub/Ultimate-Guide-to-Game-Development-with-Unity/Space Shooter
/Users/jakegrogan/Documents/GitHub/Ultimate-Guide-to-Game-Development-with-Unity/Space Shooter
[UnityMemory] Configuration Parameters - Can be set up in boot.config
    "memorysetup-bucket-allocator-granularity=16"
    "memorysetup-bucket-allocator-bucket-count=8"
    "memorysetup-bucket-allocator-block-size=33554432"
    "memorysetup-bucket-allocator-block-count=8"
    "memorysetup-main-allocator-block-size=16777216"
    "memorysetup-thread-allocator-block-size=16777216"
    "memorysetup-gfx-main-allocator-block-size=16777216"
    "memorysetup-gfx-thread-allocator-block-size=16777216"
    "memorysetup-cache-allocator-block-size=4194304"
    "memorysetup-typetree-allocator-block-size=2097152"
    "memorysetup-profiler-bucket-allocator-granularity=16"
    "memorysetup-profiler-bucket-allocator-bucket-count=8"
    "memorysetup-profiler-bucket-allocator-block-size=33554432"
    "memorysetup-profiler-bucket-allocator-block-count=8"
    "memorysetup-profiler-allocator-block-size=16777216"
    "memorysetup-profiler-editor-allocator-block-size=1048576"
    "memorysetup-temp-allocator-size-main=16777216"
    "memorysetup-job-temp-allocator-block-size=2097152"
    "memorysetup-job-temp-allocator-block-size-background=1048576"
    "memorysetup-job-temp-allocator-reduction-small-platforms=262144"
    "memorysetup-temp-allocator-size-background-worker=32768"
    "memorysetup-temp-allocator-size-job-worker=262144"
    "memorysetup-temp-allocator-size-preload-manager=33554432"
    "memorysetup-temp-allocator-size-nav-mesh-worker=65536"
    "memorysetup-temp-allocator-size-audio-worker=65536"
    "memorysetup-temp-allocator-size-cloud-worker=32768"
    "memorysetup-temp-allocator-size-gi-baking-worker=262144"
    "memorysetup-temp-allocator-size-gfx=262144"
Refreshing native plugins compatible for Editor in 109.85 ms, found 2 plugins.
Preloading 0 native plugins for Editor in 0.00 ms.
Initialize engine version: 2021.3.8f1 (b30333d56e81)
[Subsystems] Discovering subsystems at path /Applications/Unity/Hub/Editor/2021.3.8f1/Unity.app/Contents/Resources/UnitySubsystems
[Subsystems] Discovering subsystems at path /Users/jakegrogan/Documents/GitHub/Ultimate-Guide-to-Game-Development-with-Unity/Space Shooter/Assets
GfxDevice: creating device client; threaded=0; jobified=0
 preferred device: Apple M1 Pro (high power)
Metal devices available: 1
0: Apple M1 Pro (high power)
Using device Apple M1 Pro (high power)
Initializing Metal device caps: Apple M1 Pro
Initialize mono
Mono path[0] = '/Applications/Unity/Hub/Editor/2021.3.8f1/Unity.app/Contents/Managed'
Mono path[1] = '/Applications/Unity/Hub/Editor/2021.3.8f1/Unity.app/Contents/MonoBleedingEdge/lib/mono/unityjit-macos'
Mono config path = '/Applications/Unity/Hub/Editor/2021.3.8f1/Unity.app/Contents/MonoBleedingEdge/etc'
Using monoOptions --debugger-agent=transport=dt_socket,embedding=1,server=y,suspend=n,address=127.0.0.1:56721
Begin MonoManager ReloadAssembly
Registering precompiled unity dll's ...
Register platform support module: /Applications/Unity/Hub/Editor/2021.3.8f1/Unity.app/Contents/PlaybackEngines/MacStandaloneSupport/UnityEditor.OSXStandalone.Extensions.dll
Register platform support module: /Applications/Unity/Hub/Editor/2021.3.8f1/PlaybackEngines/AndroidPlayer/UnityEditor.Android.Extensions.dll
Register platform support module: /Applications/Unity/Hub/Editor/2021.3.8f1/PlaybackEngines/iOSSupport/UnityEditor.iOS.Extensions.dll
Registered in 0.004816 seconds.
[usbmuxd] Start listen thread
[usbmuxd] Listen thread started
[usbmuxd] Send listen message
Native extension for iOS target not found
Native extension for Android target not found
Native extension for OSXStandalone target not found
Refreshing native plugins compatible for Editor in 110.78 ms, found 2 plugins.
Preloading 0 native plugins for Editor in 0.00 ms.
Mono: successfully reloaded assembly
- Completed reload, in  1.766 seconds
Domain Reload Profiling:
	ReloadAssembly (1768ms)
		BeginReloadAssembly (163ms)
			ExecutionOrderSort (0ms)
			DisableScriptedObjects (0ms)
			BackupInstance (0ms)
			ReleaseScriptingObjects (0ms)
			CreateAndSetChildDomain (4ms)
		EndReloadAssembly (1340ms)
			LoadAssemblies (161ms)
			RebuildTransferFunctionScriptingTraits (0ms)
			SetupTypeCache (154ms)
			ReleaseScriptCaches (0ms)
			RebuildScriptCaches (35ms)
			SetupLoadedEditorAssemblies (979ms)
				LogAssemblyErrors (0ms)
				InitializePlatformSupportModulesInManaged (276ms)
				SetLoadedEditorAssemblies (1ms)
				RefreshPlugins (111ms)
				BeforeProcessingInitializeOnLoad (4ms)
				ProcessInitializeOnLoadAttributes (356ms)
				ProcessInitializeOnLoadMethodAttributes (231ms)
				AfterProcessingInitializeOnLoad (0ms)
				EditorAssembliesLoaded (1ms)
			ExecutionOrderSort2 (0ms)
			AwakeInstancesAfterBackupRestoration (0ms)
Platform modules already initialized, skipping
Registering precompiled user dll's ...
Registered in 0.003393 seconds.
Begin MonoManager ReloadAssembly
Symbol file LoadedFromMemory doesn't match image /Users/jakegrogan/Documents/GitHub/Ultimate-Guide-to-Game-Development-with-Unity/Space Shooter/Library/PackageCache/com.unity.visualscripting@1.7.8/Editor/VisualScripting.Core/Dependencies/YamlDotNet/Unity.VisualScripting.YamlDotNet.dll
Symbol file LoadedFromMemory doesn't match image /Users/jakegrogan/Documents/GitHub/Ultimate-Guide-to-Game-Development-with-Unity/Space Shooter/Library/PackageCache/com.unity.visualscripting@1.7.8/Editor/VisualScripting.Core/Dependencies/DotNetZip/Unity.VisualScripting.IonicZip.dll
Native extension for iOS target not found
Native extension for Android target not found
Native extension for OSXStandalone target not found
Refreshing native plugins compatible for Editor in 0.72 ms, found 2 plugins.
Preloading 0 native plugins for Editor in 0.00 ms.
Mono: successfully reloaded assembly
- Completed reload, in  2.853 seconds
Domain Reload Profiling:
	ReloadAssembly (2857ms)
		BeginReloadAssembly (388ms)
			ExecutionOrderSort (0ms)
			DisableScriptedObjects (47ms)
			BackupInstance (0ms)
			ReleaseScriptingObjects (0ms)
			CreateAndSetChildDomain (144ms)
		EndReloadAssembly (2147ms)
			LoadAssemblies (143ms)
			RebuildTransferFunctionScriptingTraits (0ms)
			SetupTypeCache (361ms)
			ReleaseScriptCaches (4ms)
			RebuildScriptCaches (64ms)
			SetupLoadedEditorAssemblies (1380ms)
				LogAssemblyErrors (0ms)
				InitializePlatformSupportModulesInManaged (80ms)
				SetLoadedEditorAssemblies (1ms)
				RefreshPlugins (1ms)
				BeforeProcessingInitializeOnLoad (145ms)
				ProcessInitializeOnLoadAttributes (1017ms)
				ProcessInitializeOnLoadMethodAttributes (135ms)
				AfterProcessingInitializeOnLoad (1ms)
				EditorAssembliesLoaded (0ms)
			ExecutionOrderSort2 (0ms)
			AwakeInstancesAfterBackupRestoration (13ms)
Platform modules already initialized, skipping
========================================================================
Worker process is ready to serve import requests
Launching external process: /Applications/Unity/Hub/Editor/2021.3.8f1/Unity.app/Contents/Tools/UnityShaderCompiler
Launched and connected shader compiler UnityShaderCompiler after 0.12 seconds
Refreshing native plugins compatible for Editor in 0.66 ms, found 2 plugins.
Preloading 0 native plugins for Editor in 0.00 ms.
Unloading 3384 Unused Serialized files (Serialized files now loaded: 0)
Unloading 26 unused Assets / (72.0 KB). Loaded Objects now: 3845.
Memory consumption went from 236.0 MB to 235.9 MB.
Total: 3.614458 ms (FindLiveObjects: 0.209709 ms CreateObjectMapping: 0.081959 ms MarkObjects: 3.153792 ms  DeleteObjects: 0.165208 ms)

AssetImportParameters requested are different than current active one (requested -> active):
  custom:video-decoder-ogg-theora: a1e56fd34408186e4bbccfd4996cb3dc -> 
  custom:container-muxer-webm: aa71ff27fc2769a1b78a27578f13a17b -> 
  custom:container-demuxer-webm: 4f35f7cbe854078d1ac9338744f61a02 -> 
  custom:video-encoder-webm-vp8: eb34c28f22e8b96e1ab97ce403110664 -> 
  custom:framework-osx-AVFoundation: e770b220cccbd017edd2c1fefb359320 -> 
  custom:audio-encoder-webm-vorbis: bf7c407c2cedff20999df2af8eb42d56 -> 
  custom:container-demuxer-ogg: 62fdf1f143b41e24485cea50d1cbac27 -> 
  custom:video-decoder-webm-vp8: 9c59270c3fd7afecdb556c50c9e8de78 -> 
  custom:audio-decoder-ogg-vorbis: bf7c407c2cedff20999df2af8eb42d56 -> 
========================================================================
Received Import Request.
  Time since last request: 424601.927456 seconds.
  path: Assets/Sprites/UI/Lives
  artifactKey: Guid(744da486b0eb12743834800f3c03e7b3) Importer(815301076,1909f56bfc062723c751e8b465ee728b)
Start importing Assets/Sprites/UI/Lives using Guid(744da486b0eb12743834800f3c03e7b3) Importer(815301076,1909f56bfc062723c751e8b465ee728b)  -> (artifact id: '6cd484492b524078444f2a7552bd9c0e') in 0.011002 seconds 
========================================================================
Received Import Request.
  Time since last request: 11.058264 seconds.
  path: Assets/Sprites
  artifactKey: Guid(970fd8a47c7ad47f09bfdc13d1fcd691) Importer(815301076,1909f56bfc062723c751e8b465ee728b)
Start importing Assets/Sprites using Guid(970fd8a47c7ad47f09bfdc13d1fcd691) Importer(815301076,1909f56bfc062723c751e8b465ee728b)  -> (artifact id: '6719a230f86726184721b2f140cce896') in 0.002815 seconds 
========================================================================
Received Prepare
Registering precompiled user dll's ...
Registered in 0.001977 seconds.
Begin MonoManager ReloadAssembly
Symbol file LoadedFromMemory doesn't match image /Users/jakegrogan/Documents/GitHub/Ultimate-Guide-to-Game-Development-with-Unity/Space Shooter/Library/PackageCache/com.unity.visualscripting@1.7.8/Editor/VisualScripting.Core/Dependencies/YamlDotNet/Unity.VisualScripting.YamlDotNet.dll
Symbol file LoadedFromMemory doesn't match image /Users/jakegrogan/Documents/GitHub/Ultimate-Guide-to-Game-Development-with-Unity/Space Shooter/Library/PackageCache/com.unity.visualscripting@1.7.8/Editor/VisualScripting.Core/Dependencies/DotNetZip/Unity.VisualScripting.IonicZip.dll
Native extension for iOS target not found
Native extension for Android target not found
Native extension for OSXStandalone target not found
Refreshing native plugins compatible for Editor in 0.68 ms, found 2 plugins.
Preloading 0 native plugins for Editor in 0.00 ms.
Mono: successfully reloaded assembly
- Completed reload, in  2.966 seconds
Domain Reload Profiling:
	ReloadAssembly (2969ms)
		BeginReloadAssembly (438ms)
			ExecutionOrderSort (0ms)
			DisableScriptedObjects (43ms)
			BackupInstance (0ms)
			ReleaseScriptingObjects (0ms)
			CreateAndSetChildDomain (167ms)
		EndReloadAssembly (2262ms)
			LoadAssemblies (168ms)
			RebuildTransferFunctionScriptingTraits (0ms)
			SetupTypeCache (370ms)
			ReleaseScriptCaches (1ms)
			RebuildScriptCaches (51ms)
			SetupLoadedEditorAssemblies (1472ms)
				LogAssemblyErrors (0ms)
				InitializePlatformSupportModulesInManaged (109ms)
				SetLoadedEditorAssemblies (2ms)
				RefreshPlugins (1ms)
				BeforeProcessingInitializeOnLoad (130ms)
				ProcessInitializeOnLoadAttributes (1086ms)
				ProcessInitializeOnLoadMethodAttributes (145ms)
				AfterProcessingInitializeOnLoad (1ms)
				EditorAssembliesLoaded (0ms)
			ExecutionOrderSort2 (0ms)
			AwakeInstancesAfterBackupRestoration (15ms)
Platform modules already initialized, skipping
Refreshing native plugins compatible for Editor in 1.31 ms, found 2 plugins.
Preloading 0 native plugins for Editor in 0.00 ms.
Unloading 3377 Unused Serialized files (Serialized files now loaded: 0)
Unloading 19 unused Assets / (48.6 KB). Loaded Objects now: 3848.
Memory consumption went from 235.7 MB to 235.6 MB.
Total: 2.907500 ms (FindLiveObjects: 0.210167 ms CreateObjectMapping: 0.117250 ms MarkObjects: 2.498250 ms  DeleteObjects: 0.080791 ms)

AssetImportParameters requested are different than current active one (requested -> active):
  custom:video-decoder-ogg-theora: a1e56fd34408186e4bbccfd4996cb3dc -> 
  custom:container-muxer-webm: aa71ff27fc2769a1b78a27578f13a17b -> 
  custom:container-demuxer-webm: 4f35f7cbe854078d1ac9338744f61a02 -> 
  custom:video-encoder-webm-vp8: eb34c28f22e8b96e1ab97ce403110664 -> 
  custom:framework-osx-AVFoundation: e770b220cccbd017edd2c1fefb359320 -> 
  custom:audio-encoder-webm-vorbis: bf7c407c2cedff20999df2af8eb42d56 -> 
  custom:container-demuxer-ogg: 62fdf1f143b41e24485cea50d1cbac27 -> 
  custom:video-decoder-webm-vp8: 9c59270c3fd7afecdb556c50c9e8de78 -> 
  custom:audio-decoder-ogg-vorbis: bf7c407c2cedff20999df2af8eb42d56 -> 
========================================================================
Received Import Request.
  Time since last request: 751.254015 seconds.
  path: Assets/Sprites/SpaceBG_Overlay.png
  artifactKey: Guid(351f30ffb741fd643b82bde90a222699) Importer(815301076,1909f56bfc062723c751e8b465ee728b)
Start importing Assets/Sprites/SpaceBG_Overlay.png using Guid(351f30ffb741fd643b82bde90a222699) Importer(815301076,1909f56bfc062723c751e8b465ee728b)  -> (artifact id: '745c64981caaa59314655bc747bbc5e4') in 0.805622 seconds 
========================================================================
Received Import Request.
  Time since last request: 72.112424 seconds.
  path: Assets/Sprites/Enemy_Explode_Sequence/EnemyTurnLeft0000_00000.png
  artifactKey: Guid(3154912113cbb4a498df6f571c74e18c) Importer(815301076,1909f56bfc062723c751e8b465ee728b)
Start importing Assets/Sprites/Enemy_Explode_Sequence/EnemyTurnLeft0000_00000.png using Guid(3154912113cbb4a498df6f571c74e18c) Importer(815301076,1909f56bfc062723c751e8b465ee728b)  -> (artifact id: '3aee67af07a955bc8db3576b6300cbb9') in 0.133874 seconds 
========================================================================
Received Import Request.
  Time since last request: 0.000071 seconds.
  path: Assets/Sprites/Enemy_Explode_Sequence/EnemyTurnLeft0000_00002.png
  artifactKey: Guid(537930933d92c4333ae40c1d6d362b74) Importer(815301076,1909f56bfc062723c751e8b465ee728b)
Start importing Assets/Sprites/Enemy_Explode_Sequence/EnemyTurnLeft0000_00002.png using Guid(537930933d92c4333ae40c1d6d362b74) Importer(815301076,1909f56bfc062723c751e8b465ee728b)  -> (artifact id: 'e70de647bef9e6ff9bc855fbae9fb1a0') in 0.030820 seconds 
========================================================================
Received Import Request.
  Time since last request: 0.000050 seconds.
  path: Assets/Sprites/Enemy_Explode_Sequence/EnemyTurnLeft0000_00005.png
  artifactKey: Guid(6f55af48c2b0a4aac993a217fcebe9d3) Importer(815301076,1909f56bfc062723c751e8b465ee728b)
Start importing Assets/Sprites/Enemy_Explode_Sequence/EnemyTurnLeft0000_00005.png using Guid(6f55af48c2b0a4aac993a217fcebe9d3) Importer(815301076,1909f56bfc062723c751e8b465ee728b)  -> (artifact id: '4d19961054d69076bd3c7502af217bf9') in 0.028969 seconds 
========================================================================
Received Import Request.
  Time since last request: 0.000049 seconds.
  path: Assets/Sprites/Enemy_Explode_Sequence/EnemyTurnLeft0000_00006.png
  artifactKey: Guid(786597786c8f747a581a1bfb26411214) Importer(815301076,1909f56bfc062723c751e8b465ee728b)
Start importing Assets/Sprites/Enemy_Explode_Sequence/EnemyTurnLeft0000_00006.png using Guid(786597786c8f747a581a1bfb26411214) Importer(815301076,1909f56bfc062723c751e8b465ee728b)  -> (artifact id: 'e02a9c5f9c0d1aa031edc88463bf0974') in 0.026096 seconds 
========================================================================
Received Import Request.
  Time since last request: 0.000061 seconds.
  path: Assets/Sprites/Enemy_Explode_Sequence/EnemyTurnLeft0000_00003.png
  artifactKey: Guid(c2e13c0c12b714179887597dd1d6b1f4) Importer(815301076,1909f56bfc062723c751e8b465ee728b)
Start importing Assets/Sprites/Enemy_Explode_Sequence/EnemyTurnLeft0000_00003.png using Guid(c2e13c0c12b714179887597dd1d6b1f4) Importer(815301076,1909f56bfc062723c751e8b465ee728b)  -> (artifact id: 'dbdbe2fc84b6e7421c50f17baa1c89d9') in 0.034713 seconds 
========================================================================
Received Import Request.
  Time since last request: 0.000068 seconds.
  path: Assets/Sprites/Enemy_Explode_Sequence/EnemyTurnLeft0000_00004.png
  artifactKey: Guid(f574bd8eb232a4689af64e1d5dc05a21) Importer(815301076,1909f56bfc062723c751e8b465ee728b)
Start importing Assets/Sprites/Enemy_Explode_Sequence/EnemyTurnLeft0000_00004.png using Guid(f574bd8eb232a4689af64e1d5dc05a21) Importer(815301076,1909f56bfc062723c751e8b465ee728b)  -> (artifact id: '2c61cb374672ec8070f4e5913377ad7b') in 0.025871 seconds 
========================================================================
Received Import Request.
  Time since last request: 1.845968 seconds.
  path: Assets/Sprites/Enemy_Explode_Sequence/EnemyTurnLeft0000_00007.png
  artifactKey: Guid(76f79295758ed42e08496e40465300ff) Importer(815301076,1909f56bfc062723c751e8b465ee728b)
Start importing Assets/Sprites/Enemy_Explode_Sequence/EnemyTurnLeft0000_00007.png using Guid(76f79295758ed42e08496e40465300ff) Importer(815301076,1909f56bfc062723c751e8b465ee728b)  -> (artifact id: 'c1c91eb42c97cedf0ae1e6fda248b67f') in 0.026588 seconds 
========================================================================
Received Import Request.
  Time since last request: 0.000060 seconds.
  path: Assets/Sprites/Enemy_Explode_Sequence/EnemyTurnLeft0000_00009.png
  artifactKey: Guid(72fa818d45dda4ee998bda50180f1e96) Importer(815301076,1909f56bfc062723c751e8b465ee728b)
Start importing Assets/Sprites/Enemy_Explode_Sequence/EnemyTurnLeft0000_00009.png using Guid(72fa818d45dda4ee998bda50180f1e96) Importer(815301076,1909f56bfc062723c751e8b465ee728b)  -> (artifact id: 'f196145d0b8e788209bedb487681ce57') in 0.028177 seconds 
========================================================================
Received Import Request.
  Time since last request: 0.033707 seconds.
  path: Assets/Sprites/Enemy_Explode_Sequence/EnemyTurnLeft0000_00011.png
  artifactKey: Guid(6680d84ea14cd490d94fca00dd42d17c) Importer(815301076,1909f56bfc062723c751e8b465ee728b)
Start importing Assets/Sprites/Enemy_Explode_Sequence/EnemyTurnLeft0000_00011.png using Guid(6680d84ea14cd490d94fca00dd42d17c) Importer(815301076,1909f56bfc062723c751e8b465ee728b)  -> (artifact id: '8dc31dc9d2f2159d544a567dc5292f92') in 0.031865 seconds 
========================================================================
Received Import Request.
  Time since last request: 0.000050 seconds.
  path: Assets/Sprites/Enemy_Explode_Sequence/EnemyTurnLeft0000_00013.png
  artifactKey: Guid(cc29a104009564a12af656f2334002ca) Importer(815301076,1909f56bfc062723c751e8b465ee728b)
Start importing Assets/Sprites/Enemy_Explode_Sequence/EnemyTurnLeft0000_00013.png using Guid(cc29a104009564a12af656f2334002ca) Importer(815301076,1909f56bfc062723c751e8b465ee728b)  -> (artifact id: '888a11124aaa625992c60e6cc6e2c495') in 0.030738 seconds 
========================================================================
Received Import Request.
  Time since last request: 0.000066 seconds.
  path: Assets/Sprites/Enemy_Explode_Sequence/EnemyTurnLeft0000_00016.png
  artifactKey: Guid(1290119f2b43a414f860b6224a41b855) Importer(815301076,1909f56bfc062723c751e8b465ee728b)
Start importing Assets/Sprites/Enemy_Explode_Sequence/EnemyTurnLeft0000_00016.png using Guid(1290119f2b43a414f860b6224a41b855) Importer(815301076,1909f56bfc062723c751e8b465ee728b)  -> (artifact id: 'f62818b80daec1f41d86503d58133534') in 0.032239 seconds 
========================================================================
Received Import Request.
  Time since last request: 0.000044 seconds.
  path: Assets/Sprites/Enemy_Explode_Sequence/EnemyTurnLeft0000_00017.png
  artifactKey: Guid(f6633d78a620e40ea8b3f0c1f7c0b8a2) Importer(815301076,1909f56bfc062723c751e8b465ee728b)
Start importing Assets/Sprites/Enemy_Explode_Sequence/EnemyTurnLeft0000_00017.png using Guid(f6633d78a620e40ea8b3f0c1f7c0b8a2) Importer(815301076,1909f56bfc062723c751e8b465ee728b)  -> (artifact id: '4a055208a6f3777ccc7bbc480af55425') in 0.032930 seconds 
========================================================================
Received Import Request.
  Time since last request: 0.016571 seconds.
  path: Assets/Sprites/Enemy_Explode_Sequence/EnemyTurnLeft0000_00019.png
  artifactKey: Guid(4aad5b508acca4c28ab8297b99c80a38) Importer(815301076,1909f56bfc062723c751e8b465ee728b)
Start importing Assets/Sprites/Enemy_Explode_Sequence/EnemyTurnLeft0000_00019.png using Guid(4aad5b508acca4c28ab8297b99c80a38) Importer(815301076,1909f56bfc062723c751e8b465ee728b)  -> (artifact id: '33fc77eb1f47b5e0a0f794fc0b406329') in 0.038247 seconds 
========================================================================
Received Import Request.
  Time since last request: 0.037432 seconds.
  path: Assets/Sprites/Enemy_Explode_Sequence/EnemyTurnLeft0000_00021.png
  artifactKey: Guid(b6f702cc69c29475281763ec8ae74c34) Importer(815301076,1909f56bfc062723c751e8b465ee728b)
Start importing Assets/Sprites/Enemy_Explode_Sequence/EnemyTurnLeft0000_00021.png using Guid(b6f702cc69c29475281763ec8ae74c34) Importer(815301076,1909f56bfc062723c751e8b465ee728b)  -> (artifact id: '676ae4bfa1ae5588afd3172dfe4d1fe5') in 0.034910 seconds 
========================================================================
Received Import Request.
  Time since last request: 0.207624 seconds.
  path: Assets/Sprites/Enemy_Explode_Sequence/EnemyTurnLeft0000_00023.png
  artifactKey: Guid(eedb9448dfabd40908981ed6d9022d67) Importer(815301076,1909f56bfc062723c751e8b465ee728b)
Start importing Assets/Sprites/Enemy_Explode_Sequence/EnemyTurnLeft0000_00023.png using Guid(eedb9448dfabd40908981ed6d9022d67) Importer(815301076,1909f56bfc062723c751e8b465ee728b)  -> (artifact id: '05f97f98d8b94ae1e48980e1c6b94531') in 0.036070 seconds 
